<?xml version="1.0" encoding="UTF-8"?>
<testsuite xmlns:xsi="http://www.w3.org/2001/XMLSchema-instance" xsi:noNamespaceSchemaLocation="https://maven.apache.org/surefire/maven-surefire-plugin/xsd/surefire-test-report-3.0.xsd" version="3.0" name="DuplicateRemoverTest" time="0.586" tests="1" errors="0" skipped="0" failures="0">
  <properties>
[...]
</properties>
  <testcase name="shouldRemoveDuplicates" classname="DuplicateRemoverTest" time="0.566">
    <system-out><![CDATA[2026-03-03 17:48:44 INFO  DuplicateRemover - Starting duplicate removal...
2026-03-03 17:48:44 WARN  DuplicateRemover - Duplicate found: rahul|a@mail.com|999
2026-03-03 17:48:44 INFO  DuplicateRemover - Duplicate removal completed. Duplicates found: 1
]]></system-out>
  </testcase>
</testsuite>